#######################################################################################
# log primitive debug message of FSDB dumping                                         #
# This is for R&D to analyze when there are issues happening when FSDB dump           #
#######################################################################################
ANF: vcsd_get_serial_mode_status('./simv: undefined symbol: vcsd_get_serial_mode_status')
ANF: vcsd_enable_sva_success_callback('./simv: undefined symbol: vcsd_enable_sva_success_callback')
ANF: vcsd_disable_sva_success_callback('./simv: undefined symbol: vcsd_disable_sva_success_callback')
ANF: vcsd_get_thread_id('./simv: undefined symbol: vcsd_get_thread_id')
ANF: vcsd_get_power_scope_name('./simv: undefined symbol: vcsd_get_power_scope_name')
ANF: vcsd_begin_no_value_var_info('./simv: undefined symbol: vcsd_begin_no_value_var_info')
ANF: vcsd_end_no_value_var_info('./simv: undefined symbol: vcsd_end_no_value_var_info')
ANF: vcsd_remove_xprop_merge_mode_callback('./simv: undefined symbol: vcsd_remove_xprop_merge_mode_callback')
ANF: vcsd_node_check_native_callback('./simv: undefined symbol: vcsd_node_check_native_callback')
ANF: vcsd_node_add_native_callback('./simv: undefined symbol: vcsd_node_add_native_callback')
ANF: vcsdIsNativeVc('./simv: undefined symbol: vcsdIsNativeVc')
ANF: vhpi_get_cb_info('./simv: undefined symbol: vhpi_get_cb_info')
ANF: vhpi_free_handle('./simv: undefined symbol: vhpi_free_handle')
ANF: vhpi_fetch_vcsd_handle('./simv: undefined symbol: vhpi_fetch_vcsd_handle')
ANF: vhpi_fetch_vpi_handle('./simv: undefined symbol: vhpi_fetch_vpi_handle')
ANF: vhpi_has_verilog_parent('./simv: undefined symbol: vhpi_has_verilog_parent')
ANF: vhpi_is_verilog_scope('./simv: undefined symbol: vhpi_is_verilog_scope')
ANF: scsd_xprop_is_enabled('./simv: undefined symbol: scsd_xprop_is_enabled')
ANF: scsd_xprop_sig_is_promoted('./simv: undefined symbol: scsd_xprop_sig_is_promoted')
ANF: scsd_xprop_int_xvalue('./simv: undefined symbol: scsd_xprop_int_xvalue')
ANF: scsd_xprop_bool_xvalue('./simv: undefined symbol: scsd_xprop_bool_xvalue')
ANF: scsd_xprop_enum_xvalue('./simv: undefined symbol: scsd_xprop_enum_xvalue')
ANF: scsd_xprop_register_merge_mode_cb('./simv: undefined symbol: scsd_xprop_register_merge_mode_cb')
ANF: scsd_xprop_delete_merge_mode_cb('./simv: undefined symbol: scsd_xprop_delete_merge_mode_cb')
ANF: scsd_xprop_get_merge_mode('./simv: undefined symbol: scsd_xprop_get_merge_mode')
ANF: scsd_thread_get_info('./simv: undefined symbol: scsd_thread_get_info')
ANF: scsd_thread_vc_init('./simv: undefined symbol: scsd_thread_vc_init')
ANF: scsd_master_set_delta_sync_cbk('./simv: undefined symbol: scsd_master_set_delta_sync_cbk')
ANF: scsd_fgp_get_fsdb_cores('./simv: undefined symbol: scsd_fgp_get_fsdb_cores')
ANF: msvEnableDumpingMode('./simv: undefined symbol: msvEnableDumpingMode')
ANF: msvGetVersion('./simv: undefined symbol: msvGetVersion')
ANF: msvGetInstProp('./simv: undefined symbol: msvGetInstProp')
ANF: msvIsSpiceEngineReady('./simv: undefined symbol: msvIsSpiceEngineReady')
ANF: msvSetAddProbeCallback('./simv: undefined symbol: msvSetAddProbeCallback')
ANF: msvGetInstHandle('./simv: undefined symbol: msvGetInstHandle')
ANF: msvGetProbeByInst('./simv: undefined symbol: msvGetProbeByInst')
ANF: msvGetSigHandle('./simv: undefined symbol: msvGetSigHandle')
ANF: msvGetProbeBySig('./simv: undefined symbol: msvGetProbeBySig')
ANF: msvGetProbeInfo('./simv: undefined symbol: msvGetProbeInfo')
ANF: msvRelease('./simv: undefined symbol: msvRelease')
ANF: msvSetVcCallbackFunc('./simv: undefined symbol: msvSetVcCallbackFunc')
ANF: msvCheckVcCallback('./simv: undefined symbol: msvCheckVcCallback')
ANF: msvAddVcCallback('./simv: undefined symbol: msvAddVcCallback')
ANF: msvRemoveVcCallback('./simv: undefined symbol: msvRemoveVcCallback')
ANF: msvGetLatestValue('./simv: undefined symbol: msvGetLatestValue')
ANF: msvSetEndofSimCallback('./simv: undefined symbol: msvSetEndofSimCallback')
ANF: msvIgnoredProbe('./simv: undefined symbol: msvIgnoredProbe')
ANF: msvGetThruNetInfo('./simv: undefined symbol: msvGetThruNetInfo')
ANF: msvFreeThruNetInfo('./simv: undefined symbol: msvFreeThruNetInfo')
ANF: PI_ace_get_output_time_unit('./simv: undefined symbol: PI_ace_get_output_time_unit')
ANF: PI_ace_sim_sync('./simv: undefined symbol: PI_ace_sim_sync')
ANF: msvGetRereadInitFile('./simv: undefined symbol: msvGetRereadInitFile')
ANF: msvSetBeforeRereadCallback('./simv: undefined symbol: msvSetBeforeRereadCallback')
ANF: msvSetAfterRereadCallback('./simv: undefined symbol: msvSetAfterRereadCallback')
ANF: msvSetForceCallback('./simv: undefined symbol: msvSetForceCallback')
ANF: msvSetReleaseCallback('./simv: undefined symbol: msvSetReleaseCallback')
ANF: msvGetForceStatus('./simv: undefined symbol: msvGetForceStatus')
ANF: vdi_fn_trigger_native_init_force('./simv: undefined symbol: vdi_fn_trigger_native_init_force')
ANF: vdi_set_native_callback('./simv: undefined symbol: vdi_set_native_callback')
ANF: vdi_fn_check_native_callback('./simv: undefined symbol: vdi_fn_check_native_callback')
ANF: vdi_fn_add_native_callback('./simv: undefined symbol: vdi_fn_add_native_callback')
ANF: vhdi_dt_get_type('./simv: undefined symbol: vhdi_dt_get_type')
ANF: vhdi_dt_get_key('./simv: undefined symbol: vhdi_dt_get_key')
ANF: vhdi_dt_get_vhdl_enum_info('./simv: undefined symbol: vhdi_dt_get_vhdl_enum_info')
ANF: vhdi_dt_get_vhdl_physical_info('./simv: undefined symbol: vhdi_dt_get_vhdl_physical_info')
ANF: vhdi_dt_get_vhdl_array_info('./simv: undefined symbol: vhdi_dt_get_vhdl_array_info')
ANF: vhdi_dt_get_vhdl_record_info('./simv: undefined symbol: vhdi_dt_get_vhdl_record_info')
ANF: vhdi_def_traverse_module('./simv: undefined symbol: vhdi_def_traverse_module')
ANF: vhdi_def_traverse_scope('./simv: undefined symbol: vhdi_def_traverse_scope')
ANF: vhdi_def_traverse_variable('./simv: undefined symbol: vhdi_def_traverse_variable')
ANF: vhdi_def_get_module_id_by_vhpi('./simv: undefined symbol: vhdi_def_get_module_id_by_vhpi')
ANF: vhdi_def_get_handle_by_module_id('./simv: undefined symbol: vhdi_def_get_handle_by_module_id')
ANF: vhdi_def_get_variable_info_by_vhpi('./simv: undefined symbol: vhdi_def_get_variable_info_by_vhpi')
ANF: vhdi_def_free('./simv: undefined symbol: vhdi_def_free')
ANF: vhdi_ist_traverse_scope('./simv: undefined symbol: vhdi_ist_traverse_scope')
ANF: vhdi_ist_traverse_variable('./simv: undefined symbol: vhdi_ist_traverse_variable')
ANF: vhdi_ist_convert_by_vhpi('./simv: undefined symbol: vhdi_ist_convert_by_vhpi')
ANF: vhdi_ist_clone('./simv: undefined symbol: vhdi_ist_clone')
ANF: vhdi_ist_free('./simv: undefined symbol: vhdi_ist_free')
ANF: vhdi_ist_hash_key('./simv: undefined symbol: vhdi_ist_hash_key')
ANF: vhdi_ist_compare('./simv: undefined symbol: vhdi_ist_compare')
ANF: vhdi_ist_get_value_addr('./simv: undefined symbol: vhdi_ist_get_value_addr')
ANF: vhdi_set_scsd_callback('./simv: undefined symbol: vhdi_set_scsd_callback')
ANF: vhdi_cbk_set_force_callback('./simv: undefined symbol: vhdi_cbk_set_force_callback')
ANF: vhdi_trigger_init_force('./simv: undefined symbol: vhdi_trigger_init_force')
ANF: vhdi_ist_check_scsd_callback('./simv: undefined symbol: vhdi_ist_check_scsd_callback')
ANF: vhdi_ist_add_scsd_callback('./simv: undefined symbol: vhdi_ist_add_scsd_callback')
ANF: vhdi_ist_remove_scsd_callback('./simv: undefined symbol: vhdi_ist_remove_scsd_callback')
ANF: vhdi_ist_get_scsd_user_data('./simv: undefined symbol: vhdi_ist_get_scsd_user_data')
ANF: vhdi_add_time_change_callback('./simv: undefined symbol: vhdi_add_time_change_callback')
ANF: vhdi_get_real_value_by_value_addr('./simv: undefined symbol: vhdi_get_real_value_by_value_addr')
ANF: vhdi_get_64_value_by_value_addr('./simv: undefined symbol: vhdi_get_64_value_by_value_addr')
ANF: vhdi_xprop_inst_is_promoted('./simv: undefined symbol: vhdi_xprop_inst_is_promoted')
ANF: vdi_ist_convert_by_vhdi('./simv: undefined symbol: vdi_ist_convert_by_vhdi')
ANF: vhdi_ist_get_module_id('./simv: undefined symbol: vhdi_ist_get_module_id')
ANF: vhdi_refine_foreign_scope_type('./simv: undefined symbol: vhdi_refine_foreign_scope_type')
ANF: vhdi_flush_callback('./simv: undefined symbol: vhdi_flush_callback')
ANF: vhdi_set_orig_name('./simv: undefined symbol: vhdi_set_orig_name')
ANF: vhdi_set_dump_pt('./simv: undefined symbol: vhdi_set_dump_pt')
ANF: vhdi_get_fsdb_option('./simv: undefined symbol: vhdi_get_fsdb_option')
ANF: vhdi_fgp_get_mode('./simv: undefined symbol: vhdi_fgp_get_mode')
ANF: vhdi_node_register_composite_var('./simv: undefined symbol: vhdi_node_register_composite_var')
ANF: vhdi_node_analysis('./simv: undefined symbol: vhdi_node_analysis')
ANF: vhdi_node_id('./simv: undefined symbol: vhdi_node_id')
ANF: vhdi_node_ist_check_scsd_callback('./simv: undefined symbol: vhdi_node_ist_check_scsd_callback')
ANF: vhdi_node_ist_add_scsd_callback('./simv: undefined symbol: vhdi_node_ist_add_scsd_callback')
ANF: vhdi_node_ist_get_value_addr('./simv: undefined symbol: vhdi_node_ist_get_value_addr')
VCS compile option:
 option[0]: ./simv
 option[1]: -l
 option[2]: sim.log
 option[3]: /home/synopsys/vcs-mx/O-2018.09-1/linux64/bin/vcs1
 option[4]: -Mcc=gcc
 option[5]: -Mcplusplus=g++
 option[6]: -Masflags=
 option[7]: -Mcfl= -pipe -fPIC -O -I/home/synopsys/vcs-mx/O-2018.09-1/include 
 option[8]: -Mxcflags= -pipe -fPIC -I/home/synopsys/vcs-mx/O-2018.09-1/include
 option[9]: -Mldflags= -rdynamic 
 option[10]: -Mout=simv
 option[11]: -Mamsrun=
 option[12]: -Mvcsaceobjs=
 option[13]: -Mobjects= /home/synopsys/vcs-mx/O-2018.09-1/linux64/lib/libvirsim.so /home/synopsys/vcs-mx/O-2018.09-1/linux64/lib/liberrorinf.so /home/synopsys/vcs-mx/O-2018.09-1/linux64/lib/libsnpsmalloc.so /home/synopsys/vcs-mx/O-2018.09-1/linux64/lib/libvfs.so 
 option[14]: -Mexternalobj=
 option[15]: -Msaverestoreobj=/home/synopsys/vcs-mx/O-2018.09-1/linux64/lib/vcs_save_restore_new.o
 option[16]: -Mcrt0=
 option[17]: -Mcrtn=
 option[18]: -Mcsrc=
 option[19]: -Msyslibs=/home/synopsys/verdi/Verdi_O-2018.09-SP2/share/PLI/VCS/LINUX64/pli.a -ldl 
 option[20]: -l
 option[21]: com.log
 option[22]: +v2k
 option[23]: -debug_access+all
 option[24]: +vpi
 option[25]: +vcsd1
 option[26]: +itf+/home/synopsys/vcs-mx/O-2018.09-1/linux64/lib/vcsdp_lite.tab
 option[27]: -full64
 option[28]: -timescale=1ns/1ns
 option[29]: -fsdb
 option[30]: -P
 option[31]: /home/synopsys/verdi/Verdi_O-2018.09-SP2/share/PLI/VCS/LINUX64/verdi.tab
 option[32]: -picarchive
 option[33]: -debug_acc+fsdb
 option[34]: -sverilog
 option[35]: -gen_obj
 option[36]: /home/host/Project/finish/RV32IM/verify/core/decoder.v
 option[37]: /home/host/Project/finish/RV32IM/verify/core/decode.v
 option[38]: /home/host/Project/finish/RV32IM/verify/core/frontend.v
 option[39]: /home/host/Project/finish/RV32IM/verify/core/fetch.v
 option[40]: /home/host/Project/finish/RV32IM/verify/core/define.v
 option[41]: /home/host/Project/finish/RV32IM/verify/core/issue.v
 option[42]: /home/host/Project/finish/RV32IM/verify/core/pipe_ctrl.v
 option[43]: /home/host/Project/finish/RV32IM/verify/core/regfile.v
 option[44]: /home/host/Project/finish/RV32IM/verify/core/core.v
 option[45]: /home/host/Project/finish/RV32IM/verify/core/exec.v
 option[46]: /home/host/Project/finish/RV32IM/verify/core/alu.v
 option[47]: /home/host/Project/finish/RV32IM/verify/core/lsu.v
 option[48]: /home/host/Project/finish/RV32IM/verify/core/multiplier.v
 option[49]: /home/host/Project/finish/RV32IM/verify/core/divider.v
 option[50]: /home/host/Project/finish/RV32IM/verify/core/bpu.v
 option[51]: /home/host/Project/finish/RV32IM/verify/core/csr.v
 option[52]: /home/host/Project/finish/RV32IM/verify/core/csr_regfile.v
 option[53]: /home/host/Project/finish/RV32IM/verify/core/tcm_mem_ram.v
 option[54]: /home/host/Project/finish/RV32IM/verify/core/tcm_mem.v
 option[55]: /home/host/Project/finish/RV32IM/verify/perip/icache/icache_data_ram.v
 option[56]: /home/host/Project/finish/RV32IM/verify/perip/icache/icache_tag_ram.v
 option[57]: /home/host/Project/finish/RV32IM/verify/perip/icache/icache.v
 option[58]: /home/host/Project/finish/RV32IM/verify/perip/mem/sram.v
 option[59]: /home/host/Project/finish/RV32IM/verify/perip/mem/axi_if.v
 option[60]: /home/host/Project/finish/RV32IM/verify/perip/mem/axi2mem.v
 option[61]: /home/host/Project/finish/RV32IM/verify/top_tb.v
 option[62]: /home/host/Project/finish/RV32IM/verify/top/top.v
 option[63]: +incdir+/include
 option[64]: -load
 option[65]: /home/synopsys/verdi/Verdi_O-2018.09-SP2/share/PLI/VCS/LINUX64/libnovas.so:FSDBDumpCmd
 option[66]: timescale=1ns/1ns
Chronologic Simulation VCS Release O-2018.09-1_Full64
Linux 3.10.0-1160.53.1.el7.x86_64 #1 SMP Fri Jan 14 13:59:45 UTC 2022 x86_64
CPU cores: 8
Limit information:
======================================
cputime		unlimited
filesize		unlimited
datasize		unlimited
stacksize		8192 kbytes
coredumpsize		0 kbytes
memoryuse		unlimited
vmemoryuse		unlimited
descriptors		4096
memorylocked		64 kbytes
maxproc		4096
======================================
(Special)Runtime environment variables:

Runtime environment variables:
VSCODE_GIT_ASKPASS_MAIN=/usr/share/code/resources/app/extensions/git/dist/askpass-main.js
DESKTOP_SESSION=gnome-classic
XDG_SESSION_TYPE=x11
MGC_CALIBRE_SCHEMATIC_SERVER=127.0.0.1:9199
XAUTHORITY=/run/gdm/auth-for-host-xGBsSb/database
GDMSESSION=gnome-classic
XMODIFIERS=@im=ibus
SHELL=/bin/bash
GDM_LANG=zh_CN.UTF-8
_=/usr/local/bin/make
SPECMAN_DIR=/home/cadence/INCISIVE152/components/sn/
XILINXD_LICENSE_FILE=/home/Xilinx/xilinx_ise_vivado.lic
GIO_LAUNCHED_DESKTOP_FILE=/usr/share/applications/code.desktop
SNPSLMD_LICENSE_FILE=27000@IC_EDA
USERNAME=host
MENTOR_HOME=/home/mentor/
DVE_HOME=/home/synopsys/vcs-mx/O-2018.09-1
XDG_DATA_DIRS=/home/host/.local/share/flatpak/exports/share/:/var/lib/flatpak/exports/share/:/usr/local/share/:/usr/share/
QT_PLUGIN_PATH=/usr/lib64/kde4/plugins:/usr/lib/kde4/plugins
LESSOPEN=||/usr/bin/lesspipe.sh %s
QUESTASIM_HOME=/home/mentor/questasim
ICC2_HOME=/home/synopsys/icc2/O-2018.06-SP1
HISTCONTROL=ignoredups
PATH=/home/Xilinx/SDK/2019.1/bin:/home/Xilinx/SDK/2019.1/gnu/microblaze/lin/bin:/home/Xilinx/SDK/2019.1/gnu/arm/lin/bin:/home/Xilinx/SDK/2019.1/gnu/microblaze/linux_toolchain/lin64_le/bin:/home/Xilinx/SDK/2019.1/gnu/aarch32/lin/gcc-arm-linux-gnueabi/bin:/home/Xilinx/SDK/2019.1/gnu/aarch32/lin/gcc-arm-none-eabi/bin:/home/Xilinx/SDK/2019.1/gnu/aarch64/lin/aarch64-linux/bin:/home/Xilinx/SDK/2019.1/gnu/aarch64/lin/aarch64-none/bin:/home/Xilinx/SDK/2019.1/gnu/armr5/lin/gcc-arm-none-eabi/bin:/home/Xilinx/SDK/2019.1/tps/lnx64/cmake-3.3.2/bin:/home/Xilinx/Vivado/2019.1/bin:/home/Xilinx/DocNav:/home/Xilinx/SDK/2019.1/bin:/home/Xilinx/SDK/2019.1/gnu/microblaze/lin/bin:/home/Xilinx/SDK/2019.1/gnu/arm/lin/bin:/home/Xilinx/SDK/2019.1/gnu/microblaze/linux_toolchain/lin64_le/bin:/home/Xilinx/SDK/2019.1/gnu/aarch32/lin/gcc-arm-linux-gnueabi/bin:/home/Xilinx/SDK/2019.1/gnu/aarch32/lin/gcc-arm-none-eabi/bin:/home/Xilinx/SDK/2019.1/gnu/aarch64/lin/aarch64-linux/bin:/home/Xilinx/SDK/2019.1/gnu/aarch64/lin/aarch64-none/bin:/home/Xilinx/SDK/2019.1/gnu/armr5/lin/gcc-arm-none-eabi/bin:/home/Xilinx/SDK/2019.1/tps/lnx64/cmake-3.3.2/bin:/home/Xilinx/Vivado/2019.1/bin:/home/Xilinx/DocNav:/usr/lib/qt-3.3/bin:/usr/local/bin:/usr/local/sbin:/usr/bin:/usr/sbin:/bin:/sbin:/home/synopsys/customcompiler/N-2017.12-SP1-2/bin:/home/synopsys/fm/O-2018.06-SP1/bin:/home/synopsys/hspice/N-2017.12-SP2/hspice/bin:/home/synopsys/fpga/N-2018.03-SP1/bin:/home/synopsys/identify/N-2018.03-SP1/bin:/home/synopsys/icc/O-2018.06-SP1/bin:/home/synopsys/icc2/O-2018.06-SP1/bin:/home/synopsys/nlint/bin:/home/synopsys/wv/N-2017.12-SP2/bin:/home/synopsys/milkway_201506/bin/linux64:/home/synopsys/starrc/O-2018.06-SP1/bin:/home/synopsys/pts/O-2018.06-SP1/bin:/home/synopsys/syn/O-2018.06-SP1/bin:/home/synopsys/lc/O-2018.06-SP1/bin:/home/synopsys/SpyGlass-L2016.06/SPYGLASS_HOME//bin:/home/synopsys/vcs-mx/O-2018.09-1/gui/dve/bin:/home/synopsys/vcs-mx/O-2018.09-1/bin:/home/synopsys/verdi/Verdi_O-2018.09-SP2/bin:/home/synopsys/verdi/Verdi_O-2018.09-SP2/platform/linux64/bin:/home/synopsys/scl/2018.06/linux64/bin::/home/mentor//calibre2019/aoj_cal_2019.3_15.11/bin:/home/cadence/IC618/tools/dfII/bin:/home/cadence/IC618/tools/plot/bin:/home/cadence/INCISIVE152/tools/bin:/home/cadence/SPECTRE181/bin:/home/cadence/SPECTRE181/tools/relxpert/bin:/home/cadence/INCISIVE152/bin:/home/cadence/INCISIVE152/tools.lnx86/bin:/home/cadence/INCISIVE152/tools.lnx86/dfII/bin:/home/cadence/INNOVUS/bin:/home/mentor/questasim/linux_x86_64:/home/Riscv_Tools/bin:/home/Riscv_Tools/riscv-gnu-toolchain/qemu-6.0.0/build/riscv32-linux-user:/home/host/.local/bin:/home/host/bin:/home/synopsys/customcompiler/N-2017.12-SP1-2/bin:/home/synopsys/fm/O-2018.06-SP1/bin:/home/synopsys/hspice/N-2017.12-SP2/hspice/bin:/home/synopsys/fpga/N-2018.03-SP1/bin:/home/synopsys/identify/N-2018.03-SP1/bin:/home/synopsys/icc/O-2018.06-SP1/bin:/home/synopsys/icc2/O-2018.06-SP1/bin:/home/synopsys/nlint/bin:/home/synopsys/wv/N-2017.12-SP2/bin:/home/synopsys/milkway_201506/bin/linux64:/home/synopsys/starrc/O-2018.06-SP1/bin:/home/synopsys/pts/O-2018.06-SP1/bin:/home/synopsys/syn/O-2018.06-SP1/bin:/home/synopsys/lc/O-2018.06-SP1/bin:/home/synopsys/SpyGlass-L2016.06/SPYGLASS_HOME//bin:/home/synopsys/vcs-mx/O-2018.09-1/gui/dve/bin:/home/synopsys/vcs-mx/O-2018.09-1/bin:/home/synopsys/verdi/Verdi_O-2018.09-SP2/bin:/home/synopsys/verdi/Verdi_O-2018.09-SP2/platform/linux64/bin:/home/synopsys/scl/2018.06/linux64/bin::/home/mentor//calibre2019/aoj_cal_2019.3_15.11/bin:/home/cadence/IC618/tools/dfII/bin:/home/cadence/IC618/tools/plot/bin:/home/cadence/INCISIVE152/tools/bin:/home/cadence/SPECTRE181/bin:/home/cadence/SPECTRE181/tools/relxpert/bin:/home/cadence/INCISIVE152/bin:/home/cadence/INCISIVE152/tools.lnx86/bin:/home/cadence/INCISIVE152/tools.lnx86/dfII/bin:/home/cadence/INNOVUS/bin:/home/mentor/questasim/linux_x86_64:/home/Riscv_Tools/bin:/home/Riscv_Tools/riscv-gnu-toolchain/qemu-6.0.0/build/riscv32-linux-user
PT_HOME=/home/synopsys/pts/O-2018.06-SP1
XILINX_VIVADO=/home/Xilinx/Vivado/2019.1
IDENTIFY_HOME=/home/synopsys/identify/N-2018.03-SP1
SESSION_MANAGER=local/unix:@/tmp/.ICE-unix/3445,unix/unix:/tmp/.ICE-unix/3445
XDG_RUNTIME_DIR=/run/user/1001
ICC_HOME=/home/synopsys/icc/O-2018.06-SP1
XDG_MENU_PREFIX=gnome-
SYNPLIFY_HOME=/home/synopsys/fpga/N-2018.03-SP1
LS_COLORS=rs=0:di=38;5;27:ln=38;5;51:mh=44;38;5;15:pi=40;38;5;11:so=38;5;13:do=38;5;5:bd=48;5;232;38;5;11:cd=48;5;232;38;5;3:or=48;5;232;38;5;9:mi=05;48;5;232;38;5;15:su=48;5;196;38;5;15:sg=48;5;11;38;5;16:ca=48;5;196;38;5;226:tw=48;5;10;38;5;16:ow=48;5;10;38;5;21:st=48;5;21;38;5;15:ex=38;5;34:*.tar=38;5;9:*.tgz=38;5;9:*.arc=38;5;9:*.arj=38;5;9:*.taz=38;5;9:*.lha=38;5;9:*.lz4=38;5;9:*.lzh=38;5;9:*.lzma=38;5;9:*.tlz=38;5;9:*.txz=38;5;9:*.tzo=38;5;9:*.t7z=38;5;9:*.zip=38;5;9:*.z=38;5;9:*.Z=38;5;9:*.dz=38;5;9:*.gz=38;5;9:*.lrz=38;5;9:*.lz=38;5;9:*.lzo=38;5;9:*.xz=38;5;9:*.bz2=38;5;9:*.bz=38;5;9:*.tbz=38;5;9:*.tbz2=38;5;9:*.tz=38;5;9:*.deb=38;5;9:*.rpm=38;5;9:*.jar=38;5;9:*.war=38;5;9:*.ear=38;5;9:*.sar=38;5;9:*.rar=38;5;9:*.alz=38;5;9:*.ace=38;5;9:*.zoo=38;5;9:*.cpio=38;5;9:*.7z=38;5;9:*.rz=38;5;9:*.cab=38;5;9:*.jpg=38;5;13:*.jpeg=38;5;13:*.gif=38;5;13:*.bmp=38;5;13:*.pbm=38;5;13:*.pgm=38;5;13:*.ppm=38;5;13:*.tga=38;5;13:*.xbm=38;5;13:*.xpm=38;5;13:*.tif=38;5;13:*.tiff=38;5;13:*.png=38;5;13:*.svg=38;5;13:*.svgz=38;5;13:*.mng=38;5;13:*.pcx=38;5;13:*.mov=38;5;13:*.mpg=38;5;13:*.mpeg=38;5;13:*.m2v=38;5;13:*.mkv=38;5;13:*.webm=38;5;13:*.ogm=38;5;13:*.mp4=38;5;13:*.m4v=38;5;13:*.mp4v=38;5;13:*.vob=38;5;13:*.qt=38;5;13:*.nuv=38;5;13:*.wmv=38;5;13:*.asf=38;5;13:*.rm=38;5;13:*.rmvb=38;5;13:*.flc=38;5;13:*.avi=38;5;13:*.fli=38;5;13:*.flv=38;5;13:*.gl=38;5;13:*.dl=38;5;13:*.xcf=38;5;13:*.xwd=38;5;13:*.yuv=38;5;13:*.cgm=38;5;13:*.emf=38;5;13:*.axv=38;5;13:*.anx=38;5;13:*.ogv=38;5;13:*.ogx=38;5;13:*.aac=38;5;45:*.au=38;5;45:*.flac=38;5;45:*.mid=38;5;45:*.midi=38;5;45:*.mka=38;5;45:*.mp3=38;5;45:*.mpc=38;5;45:*.ogg=38;5;45:*.ra=38;5;45:*.wav=38;5;45:*.axa=38;5;45:*.oga=38;5;45:*.spx=38;5;45:*.xspf=38;5;45:
MGC_CALIBRE_LAYOUT_SERVER=127.0.0.1:9189
XDG_SESSION_DESKTOP=gnome-classic
SSH_AUTH_SOCK=/run/user/1001/keyring/ssh
GIO_LAUNCHED_DESKTOP_FILE_PID=94859
KDEDIRS=/usr
DISPLAY=:0
MGC_HOME=/home/mentor//calibre2019/aoj_cal_2019.3_15.11
IMSETTINGS_INTEGRATE_DESKTOP=yes
HOME=/home/host
VCS_HOME=/home/synopsys/vcs-mx/O-2018.09-1
PWD=/home/host/Project/finish/RV32IM/verify/script
MGC_LICENSE_FILE=/home/mentor//license/license.dat
NLINT_HOME=/home/synopsys/nlint
XDG_SEAT=seat0
SSH_AGENT_PID=3654
ORIGINAL_XDG_CURRENT_DESKTOP=GNOME-Classic:GNOME
CALIBRE_HOME=/home/mentor//calibre2019/aoj_cal_2019.3_15.11
MGC_CALIBRE_REALTIME_VIRTUOSO_ENABLED=1
VERDI_HOME=/home/synopsys/verdi/Verdi_O-2018.09-SP2
MGLS_LICENSE_FILE=/home/mentor//license/license.dat:/home/mentor/questasim/mentor.dat
DBUS_SESSION_BUS_ADDRESS=unix:abstract=/tmp/dbus-FGt8KyCIkL,guid=bc76b811854e22d0f72b6cd0673be410
LD_LIBRARY_PATH=/home/mentor//calibre2019/aoj_cal_2019.3_15.11/shared/pkgs/icv/tools/calibre_client/lib/64:/home/cadence/INCISIVE152/tools.lnx86/lib
RISCV=/home/Riscv_Tools
SPECMAN_HOME=/home/cadence/INCISIVE152/components/sn
LOGNAME=host
TERM=xterm-256color
INNOVUS_HOME=/home/cadence/INNOVUS
CDS_LIC_FILE=/home/cadence/license/cadence.dat
HSPICE_HOME=/home/synopsys/hspice/N-2017.12-SP2/hspice
GNOME_DESKTOP_SESSION_ID=this-is-deprecated
HOSTNAME=IC_EDA
XDG_VTNR=1
QT_GRAPHICSSYSTEM_CHECKED=1
VSCODE_GIT_IPC_HANDLE=/run/user/1001/vscode-git-37c30e88d6.sock
MGC_CALIBRE_REALTIME_VIRTUOSO_SAVE_MESSENGER_CELL=1
COLORTERM=truecolor
QT_IM_MODULE=ibus
VCS_ARCH_OVERRIDE=linux
SHLVL=2
STARC_HOME=/home/synopsys/starrc/O-2018.06-SP1
GNOME_SHELL_SESSION_MODE=classic
CUSTOMCOMPILER_HOME=/home/synopsys/customcompiler/N-2017.12-SP1-2
XDG_SESSION_ID=1
USER=host
QTLIB=/usr/lib/qt-3.3/lib
XDG_CURRENT_DESKTOP=GNOME-Classic:GNOME
INCISIVE_HOME=/home/cadence/INCISIVE152
novas_args=-P /home/synopsys/verdi/Verdi_O-2018.09-SP2/share/PLI/VCS/LINUX64/novas.tab /home/synopsys/verdi/Verdi_O-2018.09-SP2/share/PLI/VCS/LINUX64/pli.a
OLDPWD=/home/host/Project/finish/RV32IM/verify
VSCODE_GIT_ASKPASS_EXTRA_ARGS=--ms-enable-electron-run-as-node
TERM_PROGRAM=vscode
NOVAS_RC=/home/synopsys/verdi/novas.rc
IMSETTINGS_MODULE=none
NOVAS=/home/synopsys/verdi/Verdi_O-2018.09-SP2/share/PLI/VCS/LINUX64
VSCODE_GIT_ASKPASS_NODE=/usr/share/code/code
MAKEFLAGS=
MFLAGS=
TERM_PROGRAM_VERSION=1.82.2
MAIL=/var/spool/mail/host
SPYGLASS_HOME=/home/synopsys/SpyGlass-L2016.06/SPYGLASS_HOME/
GDK_BACKEND=x11
MAKE_TERMOUT=/dev/pts/1
DC_HOME=/home/synopsys/syn/O-2018.06-SP1
NO_AT_BRIDGE=1
MILKWAY_HOME=/home/synopsys/milkway_201506
CADHOME=/home/cadence
NOVAS_PLI=/home/synopsys/verdi/Verdi_O-2018.09-SP2/share/PLI/VCS/LINUX64
MGC_LIB_PATH=/home/mentor//calibre2019/aoj_cal_2019.3_15.11/lib
GIT_ASKPASS=/usr/share/code/resources/app/extensions/git/dist/askpass.sh
CDSHOME=/home/cadence/IC618
LC_HOME=/home/synopsys/lc/O-2018.06-SP1
FORMALITY_HOME=/home/synopsys/fm/O-2018.06-SP1
MMSIMHOME=/home/cadence/SPECTRE181
PS1=\[]633;A\][\u@\h `pwd`]\$\[]633;B\]
NOVAS_HOME=/home/synopsys/verdi/Verdi_O-2018.09-SP2
DBUS_STARTER_BUS_TYPE=session
SBX_CHROME_API_RQ=1
SCL_HOME=/home/synopsys/scl/2018.06
SANDBOX_LD_LIBRARY_PATH=/home/mentor//calibre2019/aoj_cal_2019.3_15.11/shared/pkgs/icv/tools/calibre_client/lib/64:/home/cadence/INCISIVE152/tools.lnx86/lib
HISTSIZE=1000
CHROME_DESKTOP=code-url-handler.desktop
QEMU_HOME=/home/Riscv_Tools/riscv-gnu-toolchain/qemu-6.0.0
WINDOWPATH=1
QTINC=/usr/lib/qt-3.3/include
QTDIR=/usr/lib/qt-3.3
MAKE_TERMERR=/dev/pts/1
LANG=zh_CN.UTF-8
MGC_CALIBRE_SAVE_ALL_RUNSET_VALUES=1
CALIBRE_ENABLE_SKILL_PEXBA_MODE=1
CX_HOME=/home/synopsys/wv/N-2017.12-SP2
DBUS_STARTER_ADDRESS=unix:abstract=/tmp/dbus-FGt8KyCIkL,guid=bc76b811854e22d0f72b6cd0673be410
MAKELEVEL=1
VCS_HEAP_EXEC=true
VCS_PATHMAP_PRELOAD_DONE=1
VCS_STACK_EXEC=true
VCS_EXEC_DONE=1
LC_ALL=C
DVE=/home/synopsys/vcs-mx/O-2018.09-1/gui/dve
SPECMAN_OUTPUT_TO_TTY=1
Runtime command line arguments:
argv[0]=./simv
argv[1]=-l
argv[2]=sim.log
334 profile - 100
          CPU/Mem usage: 0.100 sys,  0.290 user,  247.41M mem
335 Tue Nov 19 15:02:22 2024
336 pliAppInit
337 FSDB_GATE is set.
338 FSDB_RTL is set.
339 Enable Parallel Dumping.
340 pliAppMiscSet: New Sim Round
341 pliEntryInit
342 LIBSSCORE=found /home/synopsys/verdi/Verdi_O-2018.09-SP2/share/PLI/lib/LINUXAMD64/libsscore_vcs201809.so through $NOVAS_HOME setting.
343 FSDB Dumper for VCS, Release Verdi_O-2018.09-SP2, Linux x86_64/64bit, 02/21/2019
344 (C) 1996 - 2019 by Synopsys, Inc.
345 sps_call_fsdbDumpfile_main at 0 : /home/host/Project/finish/RV32IM/verify/top_tb.v(144)
346 argv[0]: (top.fsdb)
347 *Verdi* : Create FSDB file 'top.fsdb'
348 compile option from '/home/host/Project/finish/RV32IM/verify/script/simv.daidir/vcs_rebuild'.
349   "vcs '+v2k' '-debug_access+all' '-full64' '-timescale=1ns/1ns' '-fsdb' '-sverilog' '/home/host/Project/finish/RV32IM/verify/core/decoder.v' '/home/host/Project/finish/RV32IM/verify/core/decode.v' '/home/host/Project/finish/RV32IM/verify/core/frontend.v' '/home/host/Project/finish/RV32IM/verify/core/fetch.v' '/home/host/Project/finish/RV32IM/verify/core/define.v' '/home/host/Project/finish/RV32IM/verify/core/issue.v' '/home/host/Project/finish/RV32IM/verify/core/pipe_ctrl.v' '/home/host/Project/finish/RV32IM/verify/core/regfile.v' '/home/host/Project/finish/RV32IM/verify/core/core.v' '/home/host/Project/finish/RV32IM/verify/core/exec.v' '/home/host/Project/finish/RV32IM/verify/core/alu.v' '/home/host/Project/finish/RV32IM/verify/core/lsu.v' '/home/host/Project/finish/RV32IM/verify/core/multiplier.v' '/home/host/Project/finish/RV32IM/verify/core/divider.v' '/home/host/Project/finish/RV32IM/verify/core/bpu.v' '/home/host/Project/finish/RV32IM/verify/core/csr.v' '/home/host/Project/finish/RV32IM/verify/core/csr_regfile.v' '/home/host/Project/finish/RV32IM/verify/core/tcm_mem_ram.v' '/home/host/Project/finish/RV32IM/verify/core/tcm_mem.v' '/home/host/Project/finish/RV32IM/verify/perip/icache/icache_data_ram.v' '/home/host/Project/finish/RV32IM/verify/perip/icache/icache_tag_ram.v' '/home/host/Project/finish/RV32IM/verify/perip/icache/icache.v' '/home/host/Project/finish/RV32IM/verify/perip/mem/sram.v' '/home/host/Project/finish/RV32IM/verify/perip/mem/axi_if.v' '/home/host/Project/finish/RV32IM/verify/perip/mem/axi2mem.v' '/home/host/Project/finish/RV32IM/verify/top_tb.v' '/home/host/Project/finish/RV32IM/verify/top/top.v' '+incdir+/include' '-l' 'com.log' 2>&1"
350 FSDB_VCS_ENABLE_FAST_VC is enable
351 sps_call_fsdbDumpvars_vd_main at 0 : /home/host/Project/finish/RV32IM/verify/top_tb.v(145)
352 argv[0]: (0)
353 [spi_vcs_vd_ppi_create_root]: no upf option
354 FSDB dumper cannot dump UPF related power signal ($power_tree): no ppiPowerNetwork.
355 *Verdi* : Begin traversing the scopes, layer (0).
356 *Verdi* : End of traversing.
357 pliAppHDL_DumpVarComplete traverse var: profile - 
          CPU/Mem usage: 0.120 sys,  0.330 user,  343.95M mem
                   incr: 0.010 sys,  0.030 user,  8.98M mem
                   accu: 0.010 sys,  0.030 user,  8.98M mem
              accu incr: 0.010 sys,  0.030 user,  8.98M mem

          Count usage: 1619 var,  1056 idcode,  475 callback
                 incr: 1619 var,  1056 idcode,  475 callback
                 accu: 1619 var,  1056 idcode,  475 callback
            accu incr: 1619 var,  1056 idcode,  475 callback
358 Tue Nov 19 15:02:22 2024
359 pliAppHDL_DumpVarComplete: profile - 
          CPU/Mem usage: 0.120 sys,  0.330 user,  345.00M mem
                   incr: 0.000 sys,  0.000 user,  1.05M mem
                   accu: 0.010 sys,  0.030 user,  10.04M mem
              accu incr: 0.000 sys,  0.000 user,  1.05M mem

          Count usage: 1619 var,  1056 idcode,  475 callback
                 incr: 0 var,  0 idcode,  0 callback
                 accu: 1619 var,  1056 idcode,  475 callback
            accu incr: 0 var,  0 idcode,  0 callback
360 Tue Nov 19 15:02:22 2024
361 sps_call_fsdbDumpMDA_vd_main at 0 : /home/host/Project/finish/RV32IM/verify/top_tb.v(146)
362 *Verdi* : Begin traversing the MDAs, layer (0).
363 *Verdi* : Enable +mda and +packedmda dumping.
364 *Verdi* : End of traversing the MDAs.
365 pliAppHDL_DumpVarComplete traverse var: profile - 
          CPU/Mem usage: 0.120 sys,  0.380 user,  352.83M mem
                   incr: 0.000 sys,  0.050 user,  7.83M mem
                   accu: 0.000 sys,  0.050 user,  7.83M mem
              accu incr: 0.000 sys,  0.050 user,  7.83M mem

          Count usage: 153405 var,  152842 idcode,  497 callback
                 incr: 151786 var,  151786 idcode,  22 callback
                 accu: 151786 var,  151786 idcode,  22 callback
            accu incr: 151786 var,  151786 idcode,  22 callback
366 Tue Nov 19 15:02:22 2024
367 pliAppHDL_DumpVarComplete: profile - 
          CPU/Mem usage: 0.130 sys,  0.420 user,  360.21M mem
                   incr: 0.010 sys,  0.040 user,  7.39M mem
                   accu: 0.010 sys,  0.090 user,  15.22M mem
              accu incr: 0.010 sys,  0.040 user,  7.39M mem

          Count usage: 153405 var,  152842 idcode,  497 callback
                 incr: 0 var,  0 idcode,  0 callback
                 accu: 151786 var,  151786 idcode,  22 callback
            accu incr: 0 var,  0 idcode,  0 callback
368 Tue Nov 19 15:02:22 2024
369 End of simulation at 1500000
370 Tue Nov 19 15:02:26 2024
371 Begin FSDB profile info:
372 FSDB Writer : bc1(370114) bcn(19563274) mtf/stf(0/0)
FSDB Writer elapsed time : flush(0.285513) io wait(0.000000) theadpool wait(0.000000) target functin(0.000000)
FSDB Writer cpu time : MT Compression : 0
373 End FSDB profile info
374 Parallel profile    -  Flush:4 Expand:0 ProduceWait:0 ConsumerWait:149 BlockUsed:166
375                        ProduceTime:4.337352436 ConsumerTime:1.588523697 Buffer:64MB
376 SimExit
377 Sim process exit
